0 info it worked if it ends with ok
1 verbose cli [ 'C:\\Program Files\\nodejs\\node.exe',
1 verbose cli   'C:\\Program Files\\nodejs\\node_modules\\npm\\bin\\npm-cli.js',
1 verbose cli   'run',
1 verbose cli   'bot' ]
2 info using npm@3.10.10
3 info using node@v6.10.0
4 verbose run-script [ 'prebot', 'bot', 'postbot' ]
5 info lifecycle green-stats@1.0.0~prebot: green-stats@1.0.0
6 silly lifecycle green-stats@1.0.0~prebot: no script for prebot, continuing
7 info lifecycle green-stats@1.0.0~bot: green-stats@1.0.0
8 verbose lifecycle green-stats@1.0.0~bot: unsafe-perm in lifecycle true
9 verbose lifecycle green-stats@1.0.0~bot: PATH: C:\Program Files\nodejs\node_modules\npm\bin\node-gyp-bin;C:\Users\James\Documents\GitHub\green-stats\node_modules\.bin;C:\Users\James\bin;C:\Users\James\AppData\Local\GitHub\PortableGit_f02737a78695063deace08e96d5042710d3e32db\usr\local\bin;C:\Users\James\AppData\Local\GitHub\PortableGit_f02737a78695063deace08e96d5042710d3e32db\usr\bin;C:\Users\James\AppData\Local\GitHub\PortableGit_f02737a78695063deace08e96d5042710d3e32db\usr\bin;C:\Users\James\AppData\Local\GitHub\PortableGit_f02737a78695063deace08e96d5042710d3e32db\cmd;C:\Users\James\AppData\Local\GitHub\PortableGit_f02737a78695063deace08e96d5042710d3e32db\usr\bin;C:\Users\James\AppData\Local\GitHub\PortableGit_f02737a78695063deace08e96d5042710d3e32db\usr\share\git-tfs;C:\Users\James\AppData\Local\Apps\2.0\Z390JCBW.32O\EJJBBGQ9.X49\gith..tion_317444273a93ac29_0003.0003_5794af8169eeff14;C:\Users\James\AppData\Local\GitHub\lfs-amd64_1.5.5;C:\Users\James\AppData\Local\Apps\2.0\Z390JCBW.32O\EJJBBGQ9.X49\gith..tion_317444273a93ac29_0003.0003_5794af8169eeff14\NativeBinaries\x86;C:\ProgramData\Oracle\Java\javapath;C:\Program Files (x86)\NVIDIA Corporation\PhysX\Common;C:\Program Files (x86)\HP SimplePass\x64;C:\Program Files (x86)\HP SimplePass;C:\Program Files (x86)\Intel\iCLS Client;C:\Program Files\Intel\iCLS Client;C:\WINDOWS\system32;C:\WINDOWS;C:\WINDOWS\System32\Wbem;C:\WINDOWS\System32\WindowsPowerShell\v1.0;C:\Program Files (x86)\Windows Live\Shared;C:\Program Files\Intel\Intel(R) Management Engine Components\DAL;C:\Program Files\Intel\Intel(R) Management Engine Components\IPT;C:\Program Files (x86)\Intel\Intel(R) Management Engine Components\DAL;C:\Program Files (x86)\Intel\Intel(R) Management Engine Components\IPT;C:\Program Files (x86)\Intel\OpenCL SDK\2.0\bin\x86;C:\Program Files (x86)\Intel\OpenCL SDK\2.0\bin\x64;C:\Program Files (x86)\IVI Foundation\VISA\WinNT\Bin;C:\Program Files\Intel\WiFi\bin;C:\Program Files\Common Files\Intel\WirelessCommon;C:\Program Files (x86)\Skype\Phone;C:\Program Files\nodejs;C:\Users\James\AppData\Local\atom\bin;C:\Users\James\AppData\Roaming\npm;%USERPROFILE%\AppData\Local\Microsoft\WindowsApps;C:\Windows\Microsoft.NET\Framework\v4.0.30319;C:\Users\James\AppData\Local\GitHub\PortableGit_f02737a78695063deace08e96d5042710d3e32db\usr\bin\vendor_perl;C:\Users\James\AppData\Local\GitHub\PortableGit_f02737a78695063deace08e96d5042710d3e32db\usr\bin\core_perl
10 verbose lifecycle green-stats@1.0.0~bot: CWD: C:\Users\James\Documents\GitHub\green-stats
11 silly lifecycle green-stats@1.0.0~bot: Args: [ '/d /s /c', 'node ./lib/index.js' ]
12 silly lifecycle green-stats@1.0.0~bot: Returned: code: 1  signal: null
13 info lifecycle green-stats@1.0.0~bot: Failed to exec bot script
14 verbose stack Error: green-stats@1.0.0 bot: `node ./lib/index.js`
14 verbose stack Exit status 1
14 verbose stack     at EventEmitter.<anonymous> (C:\Program Files\nodejs\node_modules\npm\lib\utils\lifecycle.js:255:16)
14 verbose stack     at emitTwo (events.js:106:13)
14 verbose stack     at EventEmitter.emit (events.js:191:7)
14 verbose stack     at ChildProcess.<anonymous> (C:\Program Files\nodejs\node_modules\npm\lib\utils\spawn.js:40:14)
14 verbose stack     at emitTwo (events.js:106:13)
14 verbose stack     at ChildProcess.emit (events.js:191:7)
14 verbose stack     at maybeClose (internal/child_process.js:877:16)
14 verbose stack     at Process.ChildProcess._handle.onexit (internal/child_process.js:226:5)
15 verbose pkgid green-stats@1.0.0
16 verbose cwd C:\Users\James\Documents\GitHub\green-stats
17 error Windows_NT 10.0.14393
18 error argv "C:\\Program Files\\nodejs\\node.exe" "C:\\Program Files\\nodejs\\node_modules\\npm\\bin\\npm-cli.js" "run" "bot"
19 error node v6.10.0
20 error npm  v3.10.10
21 error code ELIFECYCLE
22 error green-stats@1.0.0 bot: `node ./lib/index.js`
22 error Exit status 1
23 error Failed at the green-stats@1.0.0 bot script 'node ./lib/index.js'.
23 error Make sure you have the latest version of node.js and npm installed.
23 error If you do, this is most likely a problem with the green-stats package,
23 error not with npm itself.
23 error Tell the author that this fails on your system:
23 error     node ./lib/index.js
23 error You can get information on how to open an issue for this project with:
23 error     npm bugs green-stats
23 error Or if that isn't available, you can get their info via:
23 error     npm owner ls green-stats
23 error There is likely additional logging output above.
24 verbose exit [ 1, true ]
